make all --print-data-base --no-builtin-variables --no-builtin-rules --question
# GNU Make 3.81
# Copyright (C) 2006  Free Software Foundation, Inc.
# This is free software; see the source for copying conditions.
# There is NO warranty; not even for MERCHANTABILITY or FITNESS FOR A
# PARTICULAR PURPOSE.

# This program built for i386-apple-darwin11.3.0
 
make: *** No rule to make target `all'.  Stop.


# Make data base, printed on Tue Jul 19 15:48:01 2022

# Variables

# automatic
<D = $(patsubst %/,%,$(dir $<))
# automatic
?F = $(notdir $?)
# environment
_GITHOOKS_DISABLE = false
# environment
_GOMOD_DISABLE = false
# environment
_GOPATH_DISABLE = false
# environment
_LUNOHOOK_DISABLE = false
# environment
_DBMIGRATOR_DISABLE = false
# automatic
?D = $(patsubst %/,%,$(dir $?))
# automatic
@D = $(patsubst %/,%,$(dir $@))
# automatic
@F = $(notdir $@)
# makefile
CURDIR := /Users/alondavidbehr/Documents/c++/Pong
# makefile
SHELL = /bin/sh
# environment
VSCODE_NLS_CONFIG = {"locale":"en-gb","availableLanguages":{},"_languagePackSupport":true}
# environment
_ = /usr/bin/make
# environment
TL_CLIENT_SECRET = b4478b14-7442-42fa-9c66-b1724a9f7c1c
# makefile
MAKEFILE_LIST := 
# environment
GO111MODULE = on
# environment
COREPATH = /Users/alondavidbehr/Documents/dev/core
# environment
__CFBundleIdentifier = com.microsoft.VSCode
# environment
VSCODE_CWD = /
# environment
GOPROXY = http://gomodsproxy.prod.luno.com:8731
# environment
PATH = /Users/alondavidbehr/Downloads/google-cloud-sdk/bin:/opt/homebrew/bin:/usr/local/bin:/usr/bin:/bin:/usr/sbin:/sbin:/usr/local/share/dotnet:~/.dotnet/tools:/Library/Apple/usr/bin:/Users/alondavidbehr/.cargo/bin:/Users/alondavidbehr/Documents/dev/core/devbin/darwin_arm64
# environment
_DEVBIN_UPDATE_DISABLE = false
# environment
_COVERCMP_DISABLE = false
# environment
GOPATH = /Users/alondavidbehr/Documents/dev/core
# environment
ELECTRON_RUN_AS_NODE = 1
# default
.FEATURES := target-specific order-only second-expansion else-if archives jobserver check-symlink
# environment
SSH_AUTH_SOCK = /private/tmp/com.apple.launchd.n6rHUz7Aa0/Listeners
# automatic
%F = $(notdir $%)
# environment
PWD = /Users/alondavidbehr/Documents/c++/Pong
# environment
_DEVBIN_CHECK_DISABLE = false
# environment
ORIGINAL_XDG_CURRENT_DESKTOP = undefined
# environment
VSCODE_AMD_ENTRYPOINT = vs/workbench/api/node/extensionHostProcess
# environment
PYENV_SHELL = zsh
# environment
HOME = /Users/alondavidbehr
# default
MAKEFILEPATH = $(shell /usr/bin/xcode-select -print-path 2>/dev/null || echo /Developer)/Makefiles
# environment
VSCODE_CODE_CACHE_PATH = /Users/alondavidbehr/Library/Application Support/Code/CachedData/b06ae3b2d2dbfe28bca3134cc6be65935cdfea6a
# environment
LOGNAME = alondavidbehr
# environment
APPLICATION_INSIGHTS_NO_DIAGNOSTIC_CHANNEL = 1
# environment
_JCODE_REWRITE_DISABLE = false
# environment
VSCODE_HANDLES_UNCAUGHT_ERRORS = true
# automatic
^D = $(patsubst %/,%,$(dir $^))
# environment
XPC_FLAGS = 0x0
# default
MAKE = $(MAKE_COMMAND)
# environment
_SOURCEVARS_DISABLE = false
# environment
SHLVL = 1
# environment
_DEVBIN_PATH = /Users/alondavidbehr/Documents/dev/core/devbin
# environment
_GITHOOKS_VERBOSE = true
# environment
JAVA_HOME = /Library/Java/JavaVirtualMachines/adoptopenjdk-8.jdk/Contents/Home
# default
MAKE_VERSION := 3.81
# environment
USER = alondavidbehr
# makefile
.DEFAULT_GOAL := 
# environment
_GOTEST_RACE_DISABLE = false
# default
MAKECMDGOALS := all
# environment
_GODOC_DISABLE = false
# automatic
%D = $(patsubst %/,%,$(dir $%))
# default
MAKE_COMMAND := /Library/Developer/CommandLineTools/usr/bin/make
# environment
_DEVBIN_ADDPATH_DISABLE = false
# default
.VARIABLES := 
# environment
TMPDIR = /var/folders/50/w08g6yv94c3bffv046nnmj_80000gq/T/
# automatic
*F = $(notdir $*)
# environment
VSCODE_IPC_HOOK = /Users/alondavidbehr/Library/Application Support/Code/1.69.1-main.sock
# environment
MallocNanoZone = 0
# makefile
MAKEFLAGS = Rrqp
# environment
MFLAGS = -Rrqp
# automatic
*D = $(patsubst %/,%,$(dir $*))
# environment
XPC_SERVICE_NAME = application.com.microsoft.VSCode.19914411.19914428
# automatic
+D = $(patsubst %/,%,$(dir $+))
# automatic
+F = $(notdir $+)
# environment
__CF_USER_TEXT_ENCODING = 0x1F7:0x0:0x0
# environment
COMMAND_MODE = unix2003
# environment
_GITHOOKS_REPOS = 
# default
MAKEFILES := 
# environment
LUNOVET_BETA = false
# automatic
<F = $(notdir $<)
# environment
EDITOR = nano
# environment
_JCODE_DISABLE = false
# environment
LC_ALL = C
# automatic
^F = $(notdir $^)
# environment
_GOMODTIDY_REWRITE_DISABLE = false
# environment
_DEVBIN_BINCHECK_DISABLE = false
# default
SUFFIXES := 
# default
.INCLUDE_DIRS = /usr/local/include
# environment
MAKELEVEL := 0
# environment
TL_CLIENT_ID = sandbox-luno-b0a338
# environment
_DEVBIN_BIN_PATH = /Users/alondavidbehr/Documents/dev/core/devbin/darwin_arm64
# environment
LANG = C
# environment
VSCODE_PID = 4556
# environment
_LUNOVET_DISABLE = false
# variable set hash-table stats:
# Load=89/1024=9%, Rehash=0, Collisions=5/110=5%

# Pattern-specific Variable Values

# No pattern-specific variable values.

# Directories

# . (device 16777230, inode 19866200): 12 files, no impossibilities.

# 12 files, no impossibilities in 1 directories.

# Implicit Rules

# No implicit rules.

# Files

# Not a target:
all:
#  Command-line target.
#  Implicit rule search has been done.
#  File does not exist.
#  File has not been updated.
# variable set hash-table stats:
# Load=0/32=0%, Rehash=0, Collisions=0/0=0%

# Not a target:
.SUFFIXES:
#  Implicit rule search has not been done.
#  Modification time never checked.
#  File has not been updated.

# Not a target:
Makefile:
#  A default, MAKEFILES, or -include/sinclude makefile.
#  Implicit rule search has been done.
#  File does not exist.
#  File has been updated.
#  Failed to be updated.
# variable set hash-table stats:
# Load=0/32=0%, Rehash=0, Collisions=0/0=0%

# Not a target:
makefile:
#  A default, MAKEFILES, or -include/sinclude makefile.
#  Implicit rule search has been done.
#  File does not exist.
#  File has been updated.
#  Failed to be updated.
# variable set hash-table stats:
# Load=0/32=0%, Rehash=0, Collisions=0/0=0%

# Not a target:
.DEFAULT:
#  Implicit rule search has not been done.
#  Modification time never checked.
#  File has not been updated.

# Not a target:
GNUmakefile:
#  A default, MAKEFILES, or -include/sinclude makefile.
#  Implicit rule search has been done.
#  File does not exist.
#  File has been updated.
#  Failed to be updated.
# variable set hash-table stats:
# Load=0/32=0%, Rehash=0, Collisions=0/0=0%

# files hash-table stats:
# Load=6/1024=1%, Rehash=0, Collisions=0/17=0%
# VPATH Search Paths

# No `vpath' search paths.

# No general (`VPATH' variable) search path.

# # of strings in strcache: 0
# # of strcache buffers: 0
# strcache size: total = 0 / max = 0 / min = 4096 / avg = 0
# strcache free: total = 0 / max = 0 / min = 4096 / avg = 0

# Finished Make data base on Tue Jul 19 15:48:01 2022

 
